<?xml version="1.0" encoding="UTF-8"?>
<!-- Generated by org.testng.reporters.JUnitXMLReporter -->
<testsuite ignored="2" hostname="LAPTOP-1AB76RU1" failures="0" tests="3" name="Surefire test" time="0.076" errors="0" timestamp="2023-10-28T18:28:57 IST">
  <testcase classname="testPack.BaseClass" name="@BeforeTest setUp" time="-1.698497937411E9">
    <failure type="org.testng.TestNGException" message="
Parameter &amp;apos;browser&amp;apos; is required by BeforeTest on method setUp but has not been marked @Optional or defined
">
      <![CDATA[org.testng.TestNGException: 
Parameter 'browser' is required by BeforeTest on method setUp but has not been marked @Optional or defined

... Removed 26 stack frames]]>
    </failure>
  </testcase> <!-- @BeforeTest setUp -->
  <testcase classname="testPack.LoginTest" name="@BeforeClass beforeClass" time="0.0">
    <skipped/>
  </testcase> <!-- @BeforeClass beforeClass -->
  <testcase classname="testPack.LoginTest" name="@BeforeMethod beforeMethod" time="0.0">
    <skipped/>
  </testcase> <!-- @BeforeMethod beforeMethod -->
  <testcase classname="testPack.BaseClass" name="@AfterMethod testSnap" time="0.0">
    <skipped/>
  </testcase> <!-- @AfterMethod testSnap -->
  <testcase classname="testPack.LoginTest" name="@BeforeMethod beforeMethod" time="0.0">
    <skipped/>
  </testcase> <!-- @BeforeMethod beforeMethod -->
  <testcase classname="testPack.BaseClass" name="@AfterMethod testSnap" time="0.0">
    <skipped/>
  </testcase> <!-- @AfterMethod testSnap -->
  <testcase classname="testPack.LoginTest" name="@BeforeMethod beforeMethod" time="0.0">
    <skipped/>
  </testcase> <!-- @BeforeMethod beforeMethod -->
  <testcase classname="testPack.BaseClass" name="@AfterMethod testSnap" time="0.0">
    <skipped/>
  </testcase> <!-- @AfterMethod testSnap -->
  <testcase classname="testPack.LoginTest" name="@AfterClass afterclass" time="0.0">
    <skipped/>
  </testcase> <!-- @AfterClass afterclass -->
  <testcase classname="testPack.BaseClass" name="@AfterTest teardown" time="0.0">
    <skipped/>
  </testcase> <!-- @AfterTest teardown -->
  <testcase classname="testPack.LoginTest" name="verifyLogIn" time="0.0">
    <skipped/>
  </testcase> <!-- verifyLogIn -->
  <testcase classname="testPack.LoginTest" name="verifyLogIn" time="0.0">
    <skipped/>
  </testcase> <!-- verifyLogIn -->
  <testcase classname="testPack.LoginTest" name="verifyLogIn" time="0.0">
    <skipped/>
  </testcase> <!-- verifyLogIn -->
  <testcase classname="testPack.LoginTest" name="verifyForLogin" time="0.0">
    <ignored/>
  </testcase> <!-- verifyForLogin -->
  <testcase classname="testPack.LoginTest" name="verifySuccessfulLogin" time="0.0">
    <ignored/>
  </testcase> <!-- verifySuccessfulLogin -->
</testsuite> <!-- Surefire test -->
