<?xml version="1.0" encoding="UTF-8"?>
<!-- Generated by org.testng.reporters.JUnitXMLReporter -->
<testsuite ignored="0" hostname="LAPTOP-1AB76RU1" failures="2" tests="3" name="fire" time="29.192" errors="0" timestamp="2023-10-28T18:19:50 IST">
  <testcase classname="testPack.LoginTest" name="verifyForLogin" time="6.372">
    <failure type="java.lang.AssertionError" message="The following asserts failed:
	expected [https://opensource-demo.orangehrmlive.com/web/index.php/dashboard/index] but found [https://opensource-demo.orangehrmlive.com/web/index.php/auth/login]">
      <![CDATA[java.lang.AssertionError: The following asserts failed:
expected [https://opensource-demo.orangehrmlive.com/web/index.php/dashboard/index] but found [https://opensource-demo.orangehrmlive.com/web/index.php/auth/login]
at testPack.LoginTest.verifyForLogin(LoginTest.java:77)
at java.base/java.util.ArrayList.forEach(ArrayList.java:1511)
... Removed 29 stack frames]]>
    </failure>
  </testcase> <!-- verifyForLogin -->
  <testcase classname="testPack.LoginTest" name="verifyLogIn" time="2.67">
    <failure type="java.lang.AssertionError" message="The following asserts failed:
	expected [https://opensource-demo.orangehrmlive.com/web/index.php/dashboard/index] but found [https://opensource-demo.orangehrmlive.com/web/index.php/auth/login]">
      <![CDATA[java.lang.AssertionError: The following asserts failed:
expected [https://opensource-demo.orangehrmlive.com/web/index.php/dashboard/index] but found [https://opensource-demo.orangehrmlive.com/web/index.php/auth/login]
at testPack.LoginTest.verifyLogIn(LoginTest.java:51)
at java.base/java.util.ArrayList.forEach(ArrayList.java:1511)
... Removed 29 stack frames]]>
    </failure>
  </testcase> <!-- verifyLogIn -->
  <testcase classname="testPack.LoginTest" name="verifySuccessfulLogin" time="2.962"/>
</testsuite> <!-- fire -->
