<?xml version="1.0" encoding="UTF-8"?>
<!-- Generated by org.testng.reporters.JUnitXMLReporter -->
<testsuite ignored="0" hostname="AslamB" failures="2" tests="3" name="Test" time="21.278" errors="0" timestamp="2023-10-23T18:13:31 IST">
  <testcase classname="testPack.LoginTest" name="verifyForLogin" time="4.249">
    <failure type="java.lang.AssertionError" message="The following asserts failed:
	expected [https://opensource-demo.orangehrmlive.com/web/index.php/dashboard/index] but found [https://opensource-demo.orangehrmlive.com/web/index.php/auth/login]">
      <![CDATA[java.lang.AssertionError: The following asserts failed:
expected [https://opensource-demo.orangehrmlive.com/web/index.php/dashboard/index] but found [https://opensource-demo.orangehrmlive.com/web/index.php/auth/login]
at testPack.LoginTest.verifyForLogin(LoginTest.java:77)
at java.base/java.util.ArrayList.forEach(ArrayList.java:1511)
... Removed 27 stack frames]]>
    </failure>
  </testcase> <!-- verifyForLogin -->
  <testcase classname="testPack.LoginTest" name="verifyLogIn" time="1.935">
    <failure type="java.lang.AssertionError" message="The following asserts failed:
	expected [https://opensource-demo.orangehrmlive.com/web/index.php/dashboard/index] but found [https://opensource-demo.orangehrmlive.com/web/index.php/auth/login]">
      <![CDATA[java.lang.AssertionError: The following asserts failed:
expected [https://opensource-demo.orangehrmlive.com/web/index.php/dashboard/index] but found [https://opensource-demo.orangehrmlive.com/web/index.php/auth/login]
at testPack.LoginTest.verifyLogIn(LoginTest.java:51)
at java.base/java.util.ArrayList.forEach(ArrayList.java:1511)
... Removed 27 stack frames]]>
    </failure>
  </testcase> <!-- verifyLogIn -->
  <testcase classname="testPack.LoginTest" name="verifySuccessfulLogin" time="1.823"/>
</testsuite> <!-- Test -->
